2022-05-17 02:20:02 [scrapy.utils.log] INFO: Scrapy 1.7.3 started (bot: scrapy_crawler)
2022-05-17 02:20:02 [scrapy.utils.log] INFO: Versions: lxml 4.5.0.0, libxml2 2.9.10, cssselect 1.1.0, parsel 1.5.2, w3lib 1.21.0, Twisted 18.9.0, Python 3.8.10 (default, Mar 15 2022, 12:22:08) - [GCC 9.4.0], pyOpenSSL 19.0.0 (OpenSSL 1.1.1f  31 Mar 2020), cryptography 2.8, Platform Linux-5.13.0-41-generic-x86_64-with-glibc2.29
2022-05-17 02:20:02 [scrapy.crawler] INFO: Overridden settings: {'BOT_NAME': 'scrapy_crawler', 'FEED_URI': 'wikipedia.jl', 'LOG_FILE': 'wikipedia.log', 'NEWSPIDER_MODULE': 'scrapy_crawler.spiders', 'ROBOTSTXT_OBEY': True, 'SPIDER_MODULES': ['scrapy_crawler.spiders']}
2022-05-17 02:20:02 [scrapy.extensions.telnet] INFO: Telnet Password: e5e68a7b99ac47fe
2022-05-17 02:20:02 [scrapy.middleware] INFO: Enabled extensions:
['scrapy.extensions.corestats.CoreStats',
 'scrapy.extensions.telnet.TelnetConsole',
 'scrapy.extensions.memusage.MemoryUsage',
 'scrapy.extensions.feedexport.FeedExporter',
 'scrapy.extensions.logstats.LogStats']
2022-05-17 02:20:02 [scrapy.middleware] INFO: Enabled downloader middlewares:
['scrapy.downloadermiddlewares.robotstxt.RobotsTxtMiddleware',
 'scrapy.downloadermiddlewares.httpauth.HttpAuthMiddleware',
 'scrapy.downloadermiddlewares.downloadtimeout.DownloadTimeoutMiddleware',
 'scrapy.downloadermiddlewares.defaultheaders.DefaultHeadersMiddleware',
 'scrapy.downloadermiddlewares.useragent.UserAgentMiddleware',
 'scrapy.downloadermiddlewares.retry.RetryMiddleware',
 'scrapy.downloadermiddlewares.redirect.MetaRefreshMiddleware',
 'scrapy.downloadermiddlewares.httpcompression.HttpCompressionMiddleware',
 'scrapy.downloadermiddlewares.redirect.RedirectMiddleware',
 'scrapy.downloadermiddlewares.cookies.CookiesMiddleware',
 'scrapy.downloadermiddlewares.httpproxy.HttpProxyMiddleware',
 'scrapy.downloadermiddlewares.stats.DownloaderStats']
2022-05-17 02:20:02 [scrapy.middleware] INFO: Enabled spider middlewares:
['scrapy.spidermiddlewares.httperror.HttpErrorMiddleware',
 'scrapy.spidermiddlewares.offsite.OffsiteMiddleware',
 'scrapy.spidermiddlewares.referer.RefererMiddleware',
 'scrapy.spidermiddlewares.urllength.UrlLengthMiddleware',
 'scrapy.spidermiddlewares.depth.DepthMiddleware']
2022-05-17 02:20:02 [scrapy.middleware] INFO: Enabled item pipelines:
[]
2022-05-17 02:20:02 [scrapy.core.engine] INFO: Spider opened
2022-05-17 02:20:02 [scrapy.extensions.logstats] INFO: Crawled 0 pages (at 0 pages/min), scraped 0 items (at 0 items/min)
2022-05-17 02:20:02 [scrapy.extensions.telnet] INFO: Telnet console listening on 127.0.0.1:6023
2022-05-17 02:20:02 [scrapy.core.engine] DEBUG: Crawled (200) <GET https://en.wikipedia.org/robots.txt> (referer: None)
2022-05-17 02:20:02 [scrapy.core.engine] DEBUG: Crawled (200) <GET https://en.wikipedia.org/wiki/Main_Page> (referer: None)
2022-05-17 02:20:03 [scrapy.dupefilters] DEBUG: Filtered duplicate request: <GET https://en.wikipedia.org/wiki/Main_Page> - no more duplicates will be shown (see DUPEFILTER_DEBUG to show all duplicates)
2022-05-17 02:20:03 [scrapy.core.engine] DEBUG: Crawled (200) <GET https://en.wikipedia.org/wiki/1902> (referer: https://en.wikipedia.org/wiki/Main_Page)
2022-05-17 02:20:03 [scrapy.core.engine] DEBUG: Crawled (200) <GET https://en.wikipedia.org/wiki/Gear> (referer: https://en.wikipedia.org/wiki/Main_Page)
2022-05-17 02:20:03 [scrapy.core.engine] DEBUG: Crawled (200) <GET https://en.wikipedia.org/wiki/Christian_mission> (referer: https://en.wikipedia.org/wiki/Main_Page)
2022-05-17 02:20:03 [scrapy.core.engine] DEBUG: Crawled (200) <GET https://en.wikipedia.org/wiki/Antikythera_wreck> (referer: https://en.wikipedia.org/wiki/Main_Page)
2022-05-17 02:20:03 [scrapy.core.scraper] DEBUG: Scraped from <200 https://en.wikipedia.org/wiki/1902>
{'url': 'https://en.wikipedia.org/wiki/1902', 'metadata': {'json-ld': [{'@context': 'https://schema.org', '@type': 'Article', 'name': '1902', 'url': 'https://en.wikipedia.org/wiki/1902', 'sameAs': 'http://www.wikidata.org/entity/Q2043', 'mainEntity': 'http://www.wikidata.org/entity/Q2043', 'author': {'@type': 'Organization', 'name': 'Contributors to Wikimedia projects'}, 'publisher': {'@type': 'Organization', 'name': 'Wikimedia Foundation, Inc.', 'logo': {'@type': 'ImageObject', 'url': 'https://www.wikimedia.org/static/images/wmf-hor-googpub.png'}}, 'datePublished': '2001-10-04T18:27:04Z', 'dateModified': '2022-05-02T13:45:16Z', 'headline': 'common year starting on Wednesday'}, {'@context': 'https://schema.org', '@type': 'Article', 'name': '1902', 'url': 'https://en.wikipedia.org/wiki/1902', 'sameAs': 'http://www.wikidata.org/entity/Q2043', 'mainEntity': 'http://www.wikidata.org/entity/Q2043', 'author': {'@type': 'Organization', 'name': 'Contributors to Wikimedia projects'}, 'publisher': {'@type': 'Organization', 'name': 'Wikimedia Foundation, Inc.', 'logo': {'@type': 'ImageObject', 'url': 'https://www.wikimedia.org/static/images/wmf-hor-googpub.png'}}, 'datePublished': '2001-10-04T18:27:04Z', 'dateModified': '2022-05-02T13:45:16Z', 'headline': 'common year starting on Wednesday'}], 'opengraph': [{'namespace': {'og': 'http://ogp.me/ns#'}, 'properties': [('og:title', '1902 - Wikipedia'), ('og:type', 'website')]}]}}
2022-05-17 02:20:04 [scrapy.core.scraper] DEBUG: Scraped from <200 https://en.wikipedia.org/wiki/Gear>
{'url': 'https://en.wikipedia.org/wiki/Gear', 'metadata': {'json-ld': [{'@context': 'https://schema.org', '@type': 'Article', 'name': 'Gear', 'url': 'https://en.wikipedia.org/wiki/Gear', 'sameAs': 'http://www.wikidata.org/entity/Q143873', 'mainEntity': 'http://www.wikidata.org/entity/Q143873', 'author': {'@type': 'Organization', 'name': 'Contributors to Wikimedia projects'}, 'publisher': {'@type': 'Organization', 'name': 'Wikimedia Foundation, Inc.', 'logo': {'@type': 'ImageObject', 'url': 'https://www.wikimedia.org/static/images/wmf-hor-googpub.png'}}, 'datePublished': '2002-09-09T20:35:26Z', 'dateModified': '2022-04-26T20:18:51Z', 'image': 'https://upload.wikimedia.org/wikipedia/commons/1/14/Gears_animation.gif', 'headline': 'rotating wheel having teeth which mesh with another cogwheel or toothed part, used to transmit torque, convert rotation to translation or rarely other purposes'}, {'@context': 'https://schema.org', '@type': 'Article', 'name': 'Gear', 'url': 'https://en.wikipedia.org/wiki/Gear', 'sameAs': 'http://www.wikidata.org/entity/Q143873', 'mainEntity': 'http://www.wikidata.org/entity/Q143873', 'author': {'@type': 'Organization', 'name': 'Contributors to Wikimedia projects'}, 'publisher': {'@type': 'Organization', 'name': 'Wikimedia Foundation, Inc.', 'logo': {'@type': 'ImageObject', 'url': 'https://www.wikimedia.org/static/images/wmf-hor-googpub.png'}}, 'datePublished': '2002-09-09T20:35:26Z', 'dateModified': '2022-04-26T20:18:51Z', 'image': 'https://upload.wikimedia.org/wikipedia/commons/1/14/Gears_animation.gif', 'headline': 'rotating wheel having teeth which mesh with another cogwheel or toothed part, used to transmit torque, convert rotation to translation or rarely other purposes'}], 'opengraph': [{'namespace': {'og': 'http://ogp.me/ns#'}, 'properties': [('og:image', 'https://upload.wikimedia.org/wikipedia/commons/1/14/Gears_animation.gif'), ('og:image:width', '1200'), ('og:image:height', '867'), ('og:image', 'https://upload.wikimedia.org/wikipedia/commons/1/14/Gears_animation.gif'), ('og:image:width', '800'), ('og:image:height', '578'), ('og:image:width', '640'), ('og:image:height', '462'), ('og:title', 'Gear - Wikipedia'), ('og:type', 'website')]}]}}
2022-05-17 02:20:04 [scrapy.core.scraper] DEBUG: Scraped from <200 https://en.wikipedia.org/wiki/Christian_mission>
{'url': 'https://en.wikipedia.org/wiki/Christian_mission', 'metadata': {'json-ld': [{'@context': 'https://schema.org', '@type': 'Article', 'name': 'Christian mission', 'url': 'https://en.wikipedia.org/wiki/Christian_mission', 'sameAs': 'http://www.wikidata.org/entity/Q51647', 'mainEntity': 'http://www.wikidata.org/entity/Q51647', 'author': {'@type': 'Organization', 'name': 'Contributors to Wikimedia projects'}, 'publisher': {'@type': 'Organization', 'name': 'Wikimedia Foundation, Inc.', 'logo': {'@type': 'ImageObject', 'url': 'https://www.wikimedia.org/static/images/wmf-hor-googpub.png'}}, 'datePublished': '2004-05-19T22:14:02Z', 'dateModified': '2022-05-17T06:05:03Z', 'image': 'https://upload.wikimedia.org/wikipedia/commons/8/87/Christian_cross.svg', 'headline': 'organized effort for the propagation of the Christian faith'}, {'@context': 'https://schema.org', '@type': 'Article', 'name': 'Christian mission', 'url': 'https://en.wikipedia.org/wiki/Christian_mission', 'sameAs': 'http://www.wikidata.org/entity/Q51647', 'mainEntity': 'http://www.wikidata.org/entity/Q51647', 'author': {'@type': 'Organization', 'name': 'Contributors to Wikimedia projects'}, 'publisher': {'@type': 'Organization', 'name': 'Wikimedia Foundation, Inc.', 'logo': {'@type': 'ImageObject', 'url': 'https://www.wikimedia.org/static/images/wmf-hor-googpub.png'}}, 'datePublished': '2004-05-19T22:14:02Z', 'dateModified': '2022-05-17T06:05:03Z', 'image': 'https://upload.wikimedia.org/wikipedia/commons/8/87/Christian_cross.svg', 'headline': 'organized effort for the propagation of the Christian faith'}], 'opengraph': [{'namespace': {'og': 'http://ogp.me/ns#'}, 'properties': [('og:image', 'https://upload.wikimedia.org/wikipedia/commons/thumb/8/87/Christian_cross.svg/1200px-Christian_cross.svg.png'), ('og:image:width', '1200'), ('og:image:height', '1675'), ('og:image', 'https://upload.wikimedia.org/wikipedia/commons/thumb/8/87/Christian_cross.svg/800px-Christian_cross.svg.png'), ('og:image:width', '800'), ('og:image:height', '1117'), ('og:image', 'https://upload.wikimedia.org/wikipedia/commons/thumb/8/87/Christian_cross.svg/640px-Christian_cross.svg.png'), ('og:image:width', '640'), ('og:image:height', '893'), ('og:title', 'Christian mission - Wikipedia'), ('og:type', 'website')]}]}}
2022-05-17 02:20:04 [scrapy.core.scraper] DEBUG: Scraped from <200 https://en.wikipedia.org/wiki/Antikythera_wreck>
{'url': 'https://en.wikipedia.org/wiki/Antikythera_wreck', 'metadata': {'json-ld': [{'@context': 'https://schema.org', '@type': 'Article', 'name': 'Antikythera wreck', 'url': 'https://en.wikipedia.org/wiki/Antikythera_wreck', 'sameAs': 'http://www.wikidata.org/entity/Q2616711', 'mainEntity': 'http://www.wikidata.org/entity/Q2616711', 'author': {'@type': 'Organization', 'name': 'Contributors to Wikimedia projects'}, 'publisher': {'@type': 'Organization', 'name': 'Wikimedia Foundation, Inc.', 'logo': {'@type': 'ImageObject', 'url': 'https://www.wikimedia.org/static/images/wmf-hor-googpub.png'}}, 'datePublished': '2006-06-01T23:58:26Z', 'dateModified': '2022-05-17T06:06:26Z', 'headline': 'Roman shipwreck dating from the 2nd quarter of the 1st century BC'}, {'@context': 'https://schema.org', '@type': 'Article', 'name': 'Antikythera wreck', 'url': 'https://en.wikipedia.org/wiki/Antikythera_wreck', 'sameAs': 'http://www.wikidata.org/entity/Q2616711', 'mainEntity': 'http://www.wikidata.org/entity/Q2616711', 'author': {'@type': 'Organization', 'name': 'Contributors to Wikimedia projects'}, 'publisher': {'@type': 'Organization', 'name': 'Wikimedia Foundation, Inc.', 'logo': {'@type': 'ImageObject', 'url': 'https://www.wikimedia.org/static/images/wmf-hor-googpub.png'}}, 'datePublished': '2006-06-01T23:58:26Z', 'dateModified': '2022-05-17T06:06:26Z', 'headline': 'Roman shipwreck dating from the 2nd quarter of the 1st century BC'}], 'opengraph': [{'namespace': {'og': 'http://ogp.me/ns#'}, 'properties': [('og:title', 'Antikythera wreck - Wikipedia'), ('og:type', 'website')]}]}}
2022-05-17 02:20:04 [scrapy.crawler] INFO: Received SIGINT, shutting down gracefully. Send again to force 
2022-05-17 02:20:04 [scrapy.core.engine] DEBUG: Crawled (200) <GET https://en.wikipedia.org/wiki/Battle_of_Rovine> (referer: https://en.wikipedia.org/wiki/Main_Page)
2022-05-17 02:20:04 [scrapy.core.engine] DEBUG: Crawled (200) <GET https://en.wikipedia.org/wiki/Antikythera_mechanism> (referer: https://en.wikipedia.org/wiki/Main_Page)
2022-05-17 02:20:04 [scrapy.core.engine] INFO: Closing spider (shutdown)
2022-05-17 02:20:04 [scrapy.core.engine] DEBUG: Crawled (200) <GET https://en.wikipedia.org/wiki/Fort_Ville-Marie> (referer: https://en.wikipedia.org/wiki/Main_Page)
2022-05-17 02:20:04 [scrapy.core.engine] DEBUG: Crawled (200) <GET https://en.wikipedia.org/wiki/1395> (referer: https://en.wikipedia.org/wiki/Main_Page)
2022-05-17 02:20:04 [scrapy.core.scraper] DEBUG: Scraped from <200 https://en.wikipedia.org/wiki/Battle_of_Rovine>
{'url': 'https://en.wikipedia.org/wiki/Battle_of_Rovine', 'metadata': {'json-ld': [{'@context': 'https://schema.org', '@type': 'Article', 'name': 'Battle of Rovine', 'url': 'https://en.wikipedia.org/wiki/Battle_of_Rovine', 'sameAs': 'http://www.wikidata.org/entity/Q2237751', 'mainEntity': 'http://www.wikidata.org/entity/Q2237751', 'author': {'@type': 'Organization', 'name': 'Contributors to Wikimedia projects'}, 'publisher': {'@type': 'Organization', 'name': 'Wikimedia Foundation, Inc.', 'logo': {'@type': 'ImageObject', 'url': 'https://www.wikimedia.org/static/images/wmf-hor-googpub.png'}}, 'datePublished': '2005-05-20T12:56:12Z', 'dateModified': '2021-03-25T21:50:39Z', 'image': 'https://upload.wikimedia.org/wikipedia/commons/2/26/Battle_of_Rovine_%281395%29.jpg', 'headline': '1399 battle between the Ottomans and Wallacians'}, {'@context': 'https://schema.org', '@type': 'Article', 'name': 'Battle of Rovine', 'url': 'https://en.wikipedia.org/wiki/Battle_of_Rovine', 'sameAs': 'http://www.wikidata.org/entity/Q2237751', 'mainEntity': 'http://www.wikidata.org/entity/Q2237751', 'author': {'@type': 'Organization', 'name': 'Contributors to Wikimedia projects'}, 'publisher': {'@type': 'Organization', 'name': 'Wikimedia Foundation, Inc.', 'logo': {'@type': 'ImageObject', 'url': 'https://www.wikimedia.org/static/images/wmf-hor-googpub.png'}}, 'datePublished': '2005-05-20T12:56:12Z', 'dateModified': '2021-03-25T21:50:39Z', 'image': 'https://upload.wikimedia.org/wikipedia/commons/2/26/Battle_of_Rovine_%281395%29.jpg', 'headline': '1399 battle between the Ottomans and Wallacians'}], 'opengraph': [{'namespace': {'og': 'http://ogp.me/ns#'}, 'properties': [('og:image', 'https://upload.wikimedia.org/wikipedia/commons/thumb/2/26/Battle_of_Rovine_%281395%29.jpg/1200px-Battle_of_Rovine_%281395%29.jpg'), ('og:image:width', '1200'), ('og:image:height', '612'), ('og:image', 'https://upload.wikimedia.org/wikipedia/commons/thumb/2/26/Battle_of_Rovine_%281395%29.jpg/800px-Battle_of_Rovine_%281395%29.jpg'), ('og:image:width', '800'), ('og:image:height', '408'), ('og:image', 'https://upload.wikimedia.org/wikipedia/commons/thumb/2/26/Battle_of_Rovine_%281395%29.jpg/640px-Battle_of_Rovine_%281395%29.jpg'), ('og:image:width', '640'), ('og:image:height', '326'), ('og:title', 'Battle of Rovine - Wikipedia'), ('og:type', 'website')]}]}}
2022-05-17 02:20:04 [scrapy.crawler] INFO: Received SIGINT twice, forcing unclean shutdown
2022-05-17 02:20:04 [scrapy.core.scraper] DEBUG: Scraped from <200 https://en.wikipedia.org/wiki/Antikythera_mechanism>
{'url': 'https://en.wikipedia.org/wiki/Antikythera_mechanism', 'metadata': {'json-ld': [{'@context': 'https://schema.org', '@type': 'Article', 'name': 'Antikythera mechanism', 'url': 'https://en.wikipedia.org/wiki/Antikythera_mechanism', 'sameAs': 'http://www.wikidata.org/entity/Q182324', 'mainEntity': 'http://www.wikidata.org/entity/Q182324', 'author': {'@type': 'Organization', 'name': 'Contributors to Wikimedia projects'}, 'publisher': {'@type': 'Organization', 'name': 'Wikimedia Foundation, Inc.', 'logo': {'@type': 'ImageObject', 'url': 'https://www.wikimedia.org/static/images/wmf-hor-googpub.png'}}, 'datePublished': '2002-09-23T06:59:07Z', 'dateModified': '2022-05-17T03:03:15Z', 'image': 'https://upload.wikimedia.org/wikipedia/commons/6/66/NAMA_Machine_d%27Anticyth%C3%A8re_1.jpg', 'headline': 'ancient analog computer designed to calculate astronomical positions'}, {'@context': 'https://schema.org', '@type': 'Article', 'name': 'Antikythera mechanism', 'url': 'https://en.wikipedia.org/wiki/Antikythera_mechanism', 'sameAs': 'http://www.wikidata.org/entity/Q182324', 'mainEntity': 'http://www.wikidata.org/entity/Q182324', 'author': {'@type': 'Organization', 'name': 'Contributors to Wikimedia projects'}, 'publisher': {'@type': 'Organization', 'name': 'Wikimedia Foundation, Inc.', 'logo': {'@type': 'ImageObject', 'url': 'https://www.wikimedia.org/static/images/wmf-hor-googpub.png'}}, 'datePublished': '2002-09-23T06:59:07Z', 'dateModified': '2022-05-17T03:03:15Z', 'image': 'https://upload.wikimedia.org/wikipedia/commons/6/66/NAMA_Machine_d%27Anticyth%C3%A8re_1.jpg', 'headline': 'ancient analog computer designed to calculate astronomical positions'}], 'opengraph': [{'namespace': {'og': 'http://ogp.me/ns#'}, 'properties': [('og:image', 'https://upload.wikimedia.org/wikipedia/commons/6/66/NAMA_Machine_d%27Anticyth%C3%A8re_1.jpg'), ('og:image:width', '1200'), ('og:image:height', '1070'), ('og:image', 'https://upload.wikimedia.org/wikipedia/commons/thumb/6/66/NAMA_Machine_d%27Anticyth%C3%A8re_1.jpg/800px-NAMA_Machine_d%27Anticyth%C3%A8re_1.jpg'), ('og:image:width', '800'), ('og:image:height', '714'), ('og:image', 'https://upload.wikimedia.org/wikipedia/commons/thumb/6/66/NAMA_Machine_d%27Anticyth%C3%A8re_1.jpg/640px-NAMA_Machine_d%27Anticyth%C3%A8re_1.jpg'), ('og:image:width', '640'), ('og:image:height', '571'), ('og:title', 'Antikythera mechanism - Wikipedia'), ('og:type', 'website')]}]}}
2022-05-17 02:20:04 [scrapy.core.engine] DEBUG: Crawled (200) <GET https://en.wikipedia.org/wiki/Montreal> (referer: https://en.wikipedia.org/wiki/Main_Page)
2022-05-17 02:20:04 [scrapy.core.engine] DEBUG: Crawled (200) <GET https://en.wikipedia.org/wiki/Main_Page> (referer: https://en.wikipedia.org/wiki/Main_Page)
2022-05-17 02:20:04 [scrapy.downloadermiddlewares.retry] DEBUG: Retrying <GET https://www.mediawiki.org/robots.txt> (failed 1 times): [<twisted.python.failure.Failure twisted.internet.error.ConnectionLost: Connection to the other side was lost in a non-clean fashion: Connection lost.>]
2022-05-17 02:20:04 [scrapy.downloadermiddlewares.retry] DEBUG: Retrying <GET https://wikimediafoundation.org/robots.txt> (failed 1 times): [<twisted.python.failure.Failure twisted.internet.error.ConnectionLost: Connection to the other side was lost in a non-clean fashion: Connection lost.>]
2022-05-17 02:20:04 [scrapy.core.downloader.handlers.http11] WARNING: Got data loss in https://en.wikipedia.org/wiki/1642. If you want to process broken responses set the setting DOWNLOAD_FAIL_ON_DATALOSS = False -- This message won't be shown in further requests
2022-05-17 02:20:04 [scrapy.downloadermiddlewares.retry] DEBUG: Retrying <GET https://en.wikipedia.org/wiki/1642> (failed 1 times): [<twisted.python.failure.Failure twisted.internet.error.ConnectionLost: Connection to the other side was lost in a non-clean fashion: Connection lost.>, <twisted.python.failure.Failure twisted.web.http._DataLoss: >]
2022-05-17 02:20:04 [scrapy.core.downloader.handlers.http11] WARNING: Got data loss in https://en.wikipedia.org/wiki/Galicia_(Spain). If you want to process broken responses set the setting DOWNLOAD_FAIL_ON_DATALOSS = False -- This message won't be shown in further requests
2022-05-17 02:20:04 [scrapy.downloadermiddlewares.retry] DEBUG: Retrying <GET https://en.wikipedia.org/wiki/Galicia_(Spain)> (failed 1 times): [<twisted.python.failure.Failure twisted.internet.error.ConnectionLost: Connection to the other side was lost in a non-clean fashion: Connection lost.>, <twisted.python.failure.Failure twisted.web.http._DataLoss: >]
2022-05-17 02:20:04 [scrapy.core.downloader.handlers.http11] WARNING: Got data loss in https://en.wikipedia.org/wiki/Soci%C3%A9t%C3%A9_Notre-Dame_de_Montr%C3%A9al. If you want to process broken responses set the setting DOWNLOAD_FAIL_ON_DATALOSS = False -- This message won't be shown in further requests
2022-05-17 02:20:04 [scrapy.downloadermiddlewares.retry] DEBUG: Retrying <GET https://en.wikipedia.org/wiki/Soci%C3%A9t%C3%A9_Notre-Dame_de_Montr%C3%A9al> (failed 1 times): [<twisted.python.failure.Failure twisted.internet.error.ConnectionLost: Connection to the other side was lost in a non-clean fashion: Connection lost.>, <twisted.python.failure.Failure twisted.web.http._DataLoss: Chunked decoder in 'CHUNK_LENGTH' state, still expecting more data to get to 'FINISHED' state.>]
2022-05-17 02:20:04 [scrapy.core.downloader.handlers.http11] WARNING: Got data loss in https://en.wikipedia.org/wiki/Wallachia. If you want to process broken responses set the setting DOWNLOAD_FAIL_ON_DATALOSS = False -- This message won't be shown in further requests
2022-05-17 02:20:04 [scrapy.downloadermiddlewares.retry] DEBUG: Retrying <GET https://en.wikipedia.org/wiki/Wallachia> (failed 1 times): [<twisted.python.failure.Failure twisted.internet.error.ConnectionLost: Connection to the other side was lost in a non-clean fashion: Connection lost.>, <twisted.python.failure.Failure twisted.web.http._DataLoss: >]
2022-05-17 02:20:04 [scrapy.core.downloader.handlers.http11] WARNING: Got data loss in https://en.wikipedia.org/wiki/Ottoman_Empire. If you want to process broken responses set the setting DOWNLOAD_FAIL_ON_DATALOSS = False -- This message won't be shown in further requests
2022-05-17 02:20:04 [scrapy.downloadermiddlewares.retry] DEBUG: Retrying <GET https://en.wikipedia.org/wiki/Ottoman_Empire> (failed 1 times): [<twisted.python.failure.Failure twisted.internet.error.ConnectionLost: Connection to the other side was lost in a non-clean fashion: Connection lost.>, <twisted.python.failure.Failure twisted.web.http._DataLoss: >]
